1 3.03621e-07 1.28354e-07
2 4.74484e-07 1.31259e-07
4 8.23347e-07 1.41765e-07
8 1.23559e-06 1.85248e-07
16 2.6296e-06 2.60101e-07
32 5.99534e-06 4.85629e-06
64 1.05827e-05 5.19571e-07
128 2.23665e-05 4.80166e-06
256 3.96603e-05 3.31566e-06
512 7.22259e-05 7.07815e-06
1024 0.000114779 7.84682e-06
2048 0.000148476 1.1683e-05
4096 0.000107698 1.6916e-05
8192 0.000165041 1.7605e-06
16384 0.00027254 4.20137e-06
32768 0.000545908 1.11348e-05
65536 0.000885927 2.21342e-05
131072 0.00166916 2.80329e-05
262144 0.00347151 8.03146e-05
524288 0.00745719 0.000143246
