1 1.01379e-07 2.08681e-08
2 1.42411e-07 5.07561e-08
4 1.97684e-07 4.12612e-08
8 4.11337e-07 5.88038e-08
16 8.08526e-07 5.91405e-08
32 2.291e-06 1.84575e-07
64 5.36546e-06 2.56936e-07
128 1.2413e-05 7.75429e-07
256 2.78163e-05 1.0574e-06
512 5.6678e-05 4.8718e-06
1024 0.000113663 5.31393e-06
2048 0.000213266 1.23636e-05
4096 0.000311128 9.48891e-05
8192 0.000400557 2.69521e-05
16384 0.000837963 1.07113e-05
32768 0.00178527 2.21819e-05
65536 0.00380412 6.51554e-05
131072 0.00805104 0.00013485
262144 0.0169987 0.000221236
524288 0.0357953 0.00037246
