1 8.88105e-08 6.75791e-09
2 1.61905e-07 1.90783e-08
4 2.59895e-07 3.88529e-08
8 5.40537e-07 7.30652e-08
16 1.29795e-06 9.15465e-08
32 3.40625e-06 1.05423e-06
64 7.88599e-06 1.91646e-06
128 1.7992e-05 2.90666e-06
256 3.9571e-05 3.8194e-06
512 8.81134e-05 6.36306e-06
1024 0.000194985 1.53489e-05
2048 0.000425471 2.11153e-05
4096 0.000903781 8.83882e-06
8192 0.00195584 4.05036e-05
16384 0.00417778 5.24732e-05
32768 0.00896196 0.000118039
65536 0.0191148 0.000295509
131072 0.0404662 0.000509045
262144 0.0854934 0.00100365
524288 0.179444 0.00224085
