1 2.92642e-07 1.37329e-07
2 4.86421e-07 1.22743e-07
4 8.608e-07 8.8614e-08
8 1.66514e-06 2.01163e-07
16 3.09496e-06 2.26342e-07
32 5.86381e-06 4.16808e-07
64 1.08472e-05 5.32837e-07
128 2.19393e-05 1.11952e-06
256 4.10185e-05 4.21059e-06
512 7.52012e-05 4.18126e-06
1024 0.000119383 6.97513e-06
2048 0.000117584 3.4056e-05
4096 0.000113955 1.54555e-05
8192 0.000155287 2.34668e-06
16384 0.000275028 1.1692e-05
32768 0.000553286 9.6833e-06
65536 0.000882628 1.912e-05
131072 0.0016537 3.37377e-05
262144 0.00341956 7.96774e-05
524288 0.00737366 0.000142786
