1 1.71343e-06 1.90108e-07
2 2.58614e-06 5.27111e-07
4 3.75085e-06 1.72472e-07
8 7.26704e-06 7.78972e-07
16 1.36214e-05 2.47748e-07
32 2.44257e-05 4.60319e-06
64 3.88208e-05 3.07867e-07
128 6.96977e-05 2.27206e-06
256 0.000131486 3.57145e-06
512 0.000206917 3.55171e-05
1024 0.000272893 1.09029e-05
2048 0.000428987 8.32491e-06
4096 0.000651446 1.51864e-05
8192 0.00109806 1.79713e-05
16384 0.00204358 3.90761e-05
32768 0.00398913 7.97062e-05
65536 0.00786991 0.000199215
131072 0.0160473 0.000266103
262144 0.0338932 0.000605082
524288 0.0711894 0.000267276
