1 8.37158e-08 2.34257e-09
2 1.13021e-07 2.28588e-08
4 2.01e-07 5.24033e-08
8 4.20442e-07 6.50895e-08
16 8.37463e-07 8.68024e-08
32 2.71461e-06 2.39099e-07
64 1.62607e-06 5.18869e-07
128 3.6124e-06 1.11917e-07
256 8.25859e-06 1.92404e-07
512 1.84204e-05 6.59628e-07
1024 3.80528e-05 3.4386e-06
2048 8.0047e-05 3.58817e-06
4096 0.000173218 2.29837e-06
8192 0.000379047 1.45169e-05
16384 0.00081566 2.72064e-05
32768 0.00172431 3.11567e-05
65536 0.00369113 7.28681e-05
131072 0.0078363 0.000154129
262144 0.0166365 0.000312248
524288 0.0349781 0.000591424
1048576 0.0734157 0.000865153
