1 4.29263e-08 3.85594e-09
2 5.72e-08 1.13012e-08
4 9.43263e-08 2.26351e-08
8 2.18474e-07 3.66485e-08
16 4.28968e-07 3.73731e-08
32 1.36827e-06 1.19332e-07
64 3.16474e-06 1.6693e-07
128 7.46868e-06 5.8109e-07
256 1.68844e-05 4.57662e-07
512 2.22043e-05 3.60386e-06
1024 3.86669e-05 4.3965e-06
2048 8.14543e-05 3.21414e-06
4096 0.000175219 4.09473e-06
8192 0.000374009 8.83004e-06
16384 0.000808178 2.75412e-05
32768 0.00169978 1.59961e-05
65536 0.00365093 6.95597e-05
131072 0.0077637 0.000178992
262144 0.0164573 0.000395461
524288 0.0343821 0.000408341
