1 3.17347e-07 1.38701e-07
2 5.01295e-07 1.28625e-07
4 8.66316e-07 1.07794e-07
8 1.57855e-06 2.42801e-07
16 2.87717e-06 2.97833e-07
32 5.73447e-06 3.0325e-07
64 1.18155e-05 4.87748e-07
128 2.33731e-05 1.87031e-06
256 4.35689e-05 2.88879e-06
512 7.78906e-05 5.67096e-06
1024 0.000119177 7.13593e-06
2048 0.000138876 3.3496e-05
4096 0.000108292 3.91004e-06
8192 0.000176091 4.13011e-06
16384 0.000304104 5.13976e-06
32768 0.000638708 2.42636e-05
65536 0.00104089 1.92421e-05
131072 0.00198294 8.03825e-05
262144 0.00409798 0.000121418
524288 0.00885307 0.000486331
