 Enkele precisie:
   3.06146741    
 Error: 
       8.0125244455882105650143383279502884197169399375106M-2
  
   3.12144446    
 Error: 
       2.0148189859934840025143383279502884197169399375106M-2
  
   3.13654613    
 Error: 
       5.0465186410627697126433832795028841971693993751058M-3
  
   3.14033341    
 Error: 
       1.2592395120344494001433832795028841971693993751058M-3
  
   3.14128566    
 Error: 
       3.0699570710280877514338327950288419716939937510582M-4
  
   3.14151883    
 Error: 
       7.3822336741480650143383279502884197169399375105821M-5
  
   3.14120793    
 Error: 
       3.8472016388991815014338327950288419716939937510582M-4
  
   3.14245129    
 Error: 
       8.5863272612473028735661672049711580283060062489418M-4
  
   3.14245129    
 Error: 
       8.5863272612473028735661672049711580283060062489418M-4
  
   3.16227770    
 Error: 
       2.0685044927052464662356616720497115802830600624894M-2
  
   3.16227770    
 Error: 
       2.0685044927052464662356616720497115802830600624894M-2
  
   2.82842708    
 Error: 
       3.1316557725007155877514338327950288419716939937511M-1
  
   0.00000000    
 Error: 
       3.1415926535897932384626433832795028841971693993751M+0
  
   0.00000000    
 Error: 
       3.1415926535897932384626433832795028841971693993751M+0
  
   0.00000000    
 Error: 
       3.1415926535897932384626433832795028841971693993751M+0
  
   0.00000000    
 Error: 
       3.1415926535897932384626433832795028841971693993751M+0
  
   0.00000000    
 Error: 
       3.1415926535897932384626433832795028841971693993751M+0
  
   0.00000000    
 Error: 
       3.1415926535897932384626433832795028841971693993751M+0
  
   0.00000000    
 Error: 
       3.1415926535897932384626433832795028841971693993751M+0
  
   0.00000000    
 Error: 
       3.1415926535897932384626433832795028841971693993751M+0
  
   0.00000000    
 Error: 
       3.1415926535897932384626433832795028841971693993751M+0
  
   0.00000000    
 Error: 
       3.1415926535897932384626433832795028841971693993751M+0
  
   0.00000000    
 Error: 
       3.1415926535897932384626433832795028841971693993751M+0
  
 timing:    4.00000019E-03
 Meervoudige precisie:
       3.0614674589207181738276798722431909340907564998850M+0
 Error: 
       8.0125194669075064634963511036311950106412899490089M-2
  
       3.1214451522580522855725578956323558548430658840313M+0
 Error: 
       2.0147501331740952890085487647147029354103515343829M-2
  
       3.1365484905459392638142580444365390675563735413600M+0
 Error: 
       5.0441630438539746483853388429638166407958580150877M-3
  
       3.1403311569547529123171185243316901321437032336482M+0
 Error: 
       1.2614966350403261455248589478127520534661657269189M-3
  
       3.1412772509327728680620197707882144083796632626498M+0
 Error: 
       3.1540265702037040062361249128847581750613672531669M-4
  
       3.1415138011443010763285150594568223079353138154929M+0
 Error: 
       7.8852445492162134128323822680576261855583882177811M-5
  
       3.1415729403670913841358001102707614295336377945044M+0
 Error: 
       1.9713222701854326843273008741454663531604870745190M-5
  
       3.1415877252771597006288542627019187393992808585748M+0
 Error: 
       4.9283126335378337891205775841447978885408002625343M-6
  
       3.1415914215111999739979717637408339557475626500862M+0
 Error: 
       1.2320785932644646716195386689284496067492889250233M-6
  
       3.1415923455701177423403759941573699303052060756512M+0
 Error: 
       3.0801967549612226738912213295389196332372390201293M-7
  
       3.1415925765848726656816060922378753097320532784311M+0
 Error: 
       7.7004920572781037291041627574465116120943967839810M-8
  
       3.1415926343385629890954782636277912939540321707485M+0
 Error: 
       1.9251230249367165119651711590243137228626647249200M-8
  
       3.1415926487769856694851079692771770756977660019063M+0
 Error: 
       4.8128075689775354140023258084994033974687851972100M-9
  
       3.1415926523865913458035255210579638843386552441744M+0
 Error: 
       1.2032018926591178622215389998585141552006847377800M-9
  
       3.1415926532889927652719430421737400034605760375257M+0
 Error: 
       3.0080047319070034110576288073659336184945007061000M-10
  
       3.1415926535145931201633482432810804326516595198228M+0
 Error: 
       7.5200118299295139998422451545509879552262971990000M-11
  
       3.1415926535709932088877183448597721146915175153507M+0
 Error: 
       1.8800029574925038419730769505651884024382022340000M-11
  
       3.1415926535850932310689057953358123492444081942333M+0
 Error: 
       4.7000073937375879436905349527612051418231684500000M-12
  
       3.1415926535886182366142085907724078849809629024672M+0
 Error: 
       1.1750018484347925070949992162064969078771295500000M-12
  
       3.1415926535894994880005346604326558615457887249375M+0
 Error: 
       2.9375046210872284684702265138067443757600571000000M-13
  
       3.1415926535897198008471162010227865489812887739090M+0
 Error: 
       7.3437615527182256716335215880625466059505830000000M-14
  
       3.1415926535897748790587615876187610141711333177173M+0
 Error: 
       1.8359403881795660741870026036081657840801990000000M-14
  
       3.1415926535897886486116729343582822425517812397356M+0
 Error: 
       4.5898509704489212206416453881596394711664500000000M-15
  
 timing:    4.00000019E-03
