This is pdfTeX, Version 3.14159265-2.6-1.40.16 (TeX Live 2015/Debian) (preloaded format=pdflatex 2017.8.26)  2 NOV 2017 18:43
entering extended mode
 restricted \write18 enabled.
 %&-line parsing enabled.
**verslag.tex
(./verslag.tex
LaTeX2e <2016/02/01>
Babel <3.9q> and hyphenation patterns for 81 language(s) loaded.
(/usr/share/texlive/texmf-dist/tex/latex/base/article.cls
Document Class: article 2014/09/29 v1.4h Standard LaTeX document class
(/usr/share/texlive/texmf-dist/tex/latex/base/size10.clo
File: size10.clo 2014/09/29 v1.4h Standard LaTeX file (size option)
)
\c@part=\count79
\c@section=\count80
\c@subsection=\count81
\c@subsubsection=\count82
\c@paragraph=\count83
\c@subparagraph=\count84
\c@figure=\count85
\c@table=\count86
\abovecaptionskip=\skip41
\belowcaptionskip=\skip42
\bibindent=\dimen102
)
(/usr/share/texlive/texmf-dist/tex/latex/graphics/graphicx.sty
Package: graphicx 2014/10/28 v1.0g Enhanced LaTeX Graphics (DPC,SPQR)

(/usr/share/texlive/texmf-dist/tex/latex/graphics/keyval.sty
Package: keyval 2014/10/28 v1.15 key=value parser (DPC)
\KV@toks@=\toks14
)
(/usr/share/texlive/texmf-dist/tex/latex/graphics/graphics.sty
Package: graphics 2016/01/03 v1.0q Standard LaTeX Graphics (DPC,SPQR)

(/usr/share/texlive/texmf-dist/tex/latex/graphics/trig.sty
Package: trig 2016/01/03 v1.10 sin cos tan (DPC)
)
(/usr/share/texlive/texmf-dist/tex/latex/latexconfig/graphics.cfg
File: graphics.cfg 2010/04/23 v1.9 graphics configuration of TeX Live
)
Package graphics Info: Driver file: pdftex.def on input line 95.

(/usr/share/texlive/texmf-dist/tex/latex/pdftex-def/pdftex.def
File: pdftex.def 2011/05/27 v0.06d Graphics/color for pdfTeX

(/usr/share/texlive/texmf-dist/tex/generic/oberdiek/infwarerr.sty
Package: infwarerr 2010/04/08 v1.3 Providing info/warning/error messages (HO)
)
(/usr/share/texlive/texmf-dist/tex/generic/oberdiek/ltxcmds.sty
Package: ltxcmds 2011/11/09 v1.22 LaTeX kernel commands for general use (HO)
)
\Gread@gobject=\count87
))
\Gin@req@height=\dimen103
\Gin@req@width=\dimen104
)
(/usr/share/texlive/texmf-dist/tex/latex/caption/subcaption.sty
Package: subcaption 2016/02/20 v1.1-142 Sub-captions (AR)

(/usr/share/texlive/texmf-dist/tex/latex/caption/caption.sty
Package: caption 2016/02/21 v3.3-144 Customizing captions (AR)

(/usr/share/texlive/texmf-dist/tex/latex/caption/caption3.sty
Package: caption3 2016/02/04 v1.7-139 caption3 kernel (AR)
Package caption3 Info: TeX engine: e-TeX on input line 67.
\captionmargin=\dimen105
\captionmargin@=\dimen106
\captionwidth=\dimen107
\caption@tempdima=\dimen108
\caption@indent=\dimen109
\caption@parindent=\dimen110
\caption@hangindent=\dimen111
)
\c@ContinuedFloat=\count88
)
\c@subfigure=\count89
\c@subtable=\count90
) (./verslag.aux)
\openout1 = `verslag.aux'.

LaTeX Font Info:    Checking defaults for OML/cmm/m/it on input line 11.
LaTeX Font Info:    ... okay on input line 11.
LaTeX Font Info:    Checking defaults for T1/cmr/m/n on input line 11.
LaTeX Font Info:    ... okay on input line 11.
LaTeX Font Info:    Checking defaults for OT1/cmr/m/n on input line 11.
LaTeX Font Info:    ... okay on input line 11.
LaTeX Font Info:    Checking defaults for OMS/cmsy/m/n on input line 11.
LaTeX Font Info:    ... okay on input line 11.
LaTeX Font Info:    Checking defaults for OMX/cmex/m/n on input line 11.
LaTeX Font Info:    ... okay on input line 11.
LaTeX Font Info:    Checking defaults for U/cmr/m/n on input line 11.
LaTeX Font Info:    ... okay on input line 11.
 (/usr/share/texlive/texmf-dist/tex/context/base/supp-pdf.mkii
[Loading MPS to PDF converter (version 2006.09.02).]
\scratchcounter=\count91
\scratchdimen=\dimen112
\scratchbox=\box26
\nofMPsegments=\count92
\nofMParguments=\count93
\everyMPshowfont=\toks15
\MPscratchCnt=\count94
\MPscratchDim=\dimen113
\MPnumerator=\count95
\makeMPintoPDFobject=\count96
\everyMPtoPDFconversion=\toks16
) (/usr/share/texlive/texmf-dist/tex/generic/oberdiek/pdftexcmds.sty
Package: pdftexcmds 2011/11/29 v0.20 Utility functions of pdfTeX for LuaTeX (HO
)

(/usr/share/texlive/texmf-dist/tex/generic/oberdiek/ifluatex.sty
Package: ifluatex 2010/03/01 v1.3 Provides the ifluatex switch (HO)
Package ifluatex Info: LuaTeX not detected.
)
(/usr/share/texlive/texmf-dist/tex/generic/oberdiek/ifpdf.sty
Package: ifpdf 2011/01/30 v2.3 Provides the ifpdf switch (HO)
Package ifpdf Info: pdfTeX in PDF mode is detected.
)
Package pdftexcmds Info: LuaTeX not detected.
Package pdftexcmds Info: \pdf@primitive is available.
Package pdftexcmds Info: \pdf@ifprimitive is available.
Package pdftexcmds Info: \pdfdraftmode found.
)
(/usr/share/texlive/texmf-dist/tex/latex/oberdiek/epstopdf-base.sty
Package: epstopdf-base 2010/02/09 v2.5 Base part for package epstopdf

(/usr/share/texlive/texmf-dist/tex/latex/oberdiek/grfext.sty
Package: grfext 2010/08/19 v1.1 Manage graphics extensions (HO)

(/usr/share/texlive/texmf-dist/tex/generic/oberdiek/kvdefinekeys.sty
Package: kvdefinekeys 2011/04/07 v1.3 Define keys (HO)
))
(/usr/share/texlive/texmf-dist/tex/latex/oberdiek/kvoptions.sty
Package: kvoptions 2011/06/30 v3.11 Key value format for package options (HO)

(/usr/share/texlive/texmf-dist/tex/generic/oberdiek/kvsetkeys.sty
Package: kvsetkeys 2012/04/25 v1.16 Key value parser (HO)

(/usr/share/texlive/texmf-dist/tex/generic/oberdiek/etexcmds.sty
Package: etexcmds 2011/02/16 v1.5 Avoid name clashes with e-TeX commands (HO)
Package etexcmds Info: Could not find \expanded.
(etexcmds)             That can mean that you are not using pdfTeX 1.50 or
(etexcmds)             that some package has redefined \expanded.
(etexcmds)             In the latter case, load this package earlier.
)))
Package grfext Info: Graphics extension search list:
(grfext)             [.png,.pdf,.jpg,.mps,.jpeg,.jbig2,.jb2,.PNG,.PDF,.JPG,.JPE
G,.JBIG2,.JB2,.eps]
(grfext)             \AppendGraphicsExtensions on input line 452.

(/usr/share/texlive/texmf-dist/tex/latex/latexconfig/epstopdf-sys.cfg
File: epstopdf-sys.cfg 2010/07/13 v1.3 Configuration of (r)epstopdf for TeX Liv
e
))
Package caption Info: Begin \AtBeginDocument code.
Package caption Info: End \AtBeginDocument code.
LaTeX Font Info:    External font `cmex10' loaded for size
(Font)              <12> on input line 13.
LaTeX Font Info:    External font `cmex10' loaded for size
(Font)              <8> on input line 13.
LaTeX Font Info:    External font `cmex10' loaded for size
(Font)              <6> on input line 13.
LaTeX Font Info:    External font `cmex10' loaded for size
(Font)              <7> on input line 26.
LaTeX Font Info:    External font `cmex10' loaded for size
(Font)              <5> on input line 26.

Overfull \hbox (19.57016pt too wide) in paragraph at lines 26--40
 [][] 
 []


LaTeX Warning: `h' float specifier changed to `ht'.


LaTeX Warning: `h' float specifier changed to `ht'.


LaTeX Warning: `h' float specifier changed to `ht'.

Package epstopdf Info: Source file: <mat01_spectrum.eps>
(epstopdf)                    date: 2017-11-02 15:55:42
(epstopdf)                    size: 539311 bytes
(epstopdf)             Output file: <mat01_spectrum-eps-converted-to.pdf>
(epstopdf)                    date: 2017-11-02 17:17:01
(epstopdf)                    size: 11955 bytes
(epstopdf)             Command: <repstopdf --outfile=mat01_spectrum-eps-convert
ed-to.pdf mat01_spectrum.eps>
(epstopdf)             \includegraphics on input line 100.
Package epstopdf Info: Output file is already uptodate.
<mat01_spectrum-eps-converted-to.pdf, id=1, 421.575pt x 316.18124pt>
File: mat01_spectrum-eps-converted-to.pdf Graphic file (type pdf)

<use mat01_spectrum-eps-converted-to.pdf>
Package pdftex.def Info: mat01_spectrum-eps-converted-to.pdf used on input line
 100.
(pdftex.def)             Requested size: 224.2479pt x 168.18797pt.
Package epstopdf Info: Source file: <ILUK0_mat01_spec.eps>
(epstopdf)                    date: 2017-11-02 15:56:34
(epstopdf)                    size: 477583 bytes
(epstopdf)             Output file: <ILUK0_mat01_spec-eps-converted-to.pdf>
(epstopdf)                    date: 2017-11-02 17:17:01
(epstopdf)                    size: 15476 bytes
(epstopdf)             Command: <repstopdf --outfile=ILUK0_mat01_spec-eps-conve
rted-to.pdf ILUK0_mat01_spec.eps>
(epstopdf)             \includegraphics on input line 100.
Package epstopdf Info: Output file is already uptodate.

<ILUK0_mat01_spec-eps-converted-to.pdf, id=2, 421.575pt x 316.18124pt>
File: ILUK0_mat01_spec-eps-converted-to.pdf Graphic file (type pdf)

<use ILUK0_mat01_spec-eps-converted-to.pdf>
Package pdftex.def Info: ILUK0_mat01_spec-eps-converted-to.pdf used on input li
ne 100.
(pdftex.def)             Requested size: 224.2479pt x 168.18797pt.
Package epstopdf Info: Source file: <ILUK1_mat01_spec.eps>
(epstopdf)                    date: 2017-11-02 15:56:14
(epstopdf)                    size: 477258 bytes
(epstopdf)             Output file: <ILUK1_mat01_spec-eps-converted-to.pdf>
(epstopdf)                    date: 2017-11-02 17:17:02
(epstopdf)                    size: 12663 bytes
(epstopdf)             Command: <repstopdf --outfile=ILUK1_mat01_spec-eps-conve
rted-to.pdf ILUK1_mat01_spec.eps>
(epstopdf)             \includegraphics on input line 113.
Package epstopdf Info: Output file is already uptodate.

<ILUK1_mat01_spec-eps-converted-to.pdf, id=3, 421.575pt x 316.18124pt>
File: ILUK1_mat01_spec-eps-converted-to.pdf Graphic file (type pdf)

<use ILUK1_mat01_spec-eps-converted-to.pdf>
Package pdftex.def Info: ILUK1_mat01_spec-eps-converted-to.pdf used on input li
ne 113.
(pdftex.def)             Requested size: 224.2479pt x 168.18797pt.
Package epstopdf Info: Source file: <ARMS11_mat01_spec.eps>
(epstopdf)                    date: 2017-11-02 15:56:54
(epstopdf)                    size: 475227 bytes
(epstopdf)             Output file: <ARMS11_mat01_spec-eps-converted-to.pdf>
(epstopdf)                    date: 2017-11-02 17:17:02
(epstopdf)                    size: 14720 bytes
(epstopdf)             Command: <repstopdf --outfile=ARMS11_mat01_spec-eps-conv
erted-to.pdf ARMS11_mat01_spec.eps>
(epstopdf)             \includegraphics on input line 113.
Package epstopdf Info: Output file is already uptodate.

<ARMS11_mat01_spec-eps-converted-to.pdf, id=4, 421.575pt x 316.18124pt>
File: ARMS11_mat01_spec-eps-converted-to.pdf Graphic file (type pdf)

<use ARMS11_mat01_spec-eps-converted-to.pdf>
Package pdftex.def Info: ARMS11_mat01_spec-eps-converted-to.pdf used on input l
ine 113.
(pdftex.def)             Requested size: 224.2479pt x 168.18797pt.
Package epstopdf Info: Source file: <mat02_spectrum.eps>
(epstopdf)                    date: 2017-11-02 14:51:24
(epstopdf)                    size: 377863 bytes
(epstopdf)             Output file: <mat02_spectrum-eps-converted-to.pdf>
(epstopdf)                    date: 2017-11-02 17:18:03
(epstopdf)                    size: 64169 bytes
(epstopdf)             Command: <repstopdf --outfile=mat02_spectrum-eps-convert
ed-to.pdf mat02_spectrum.eps>
(epstopdf)             \includegraphics on input line 131.
Package epstopdf Info: Output file is already uptodate.

<mat02_spectrum-eps-converted-to.pdf, id=5, 421.575pt x 316.18124pt>
File: mat02_spectrum-eps-converted-to.pdf Graphic file (type pdf)

<use mat02_spectrum-eps-converted-to.pdf>
Package pdftex.def Info: mat02_spectrum-eps-converted-to.pdf used on input line
 131.
(pdftex.def)             Requested size: 224.2479pt x 168.18797pt.
Package epstopdf Info: Source file: <ARMS34_mat02_spec.eps>
(epstopdf)                    date: 2017-11-02 15:55:16
(epstopdf)                    size: 440636 bytes
(epstopdf)             Output file: <ARMS34_mat02_spec-eps-converted-to.pdf>
(epstopdf)                    date: 2017-11-02 17:17:46
(epstopdf)                    size: 8425 bytes
(epstopdf)             Command: <repstopdf --outfile=ARMS34_mat02_spec-eps-conv
erted-to.pdf ARMS34_mat02_spec.eps>
(epstopdf)             \includegraphics on input line 131.
Package epstopdf Info: Output file is already uptodate.

<ARMS34_mat02_spec-eps-converted-to.pdf, id=6, 421.575pt x 316.18124pt>
File: ARMS34_mat02_spec-eps-converted-to.pdf Graphic file (type pdf)

<use ARMS34_mat02_spec-eps-converted-to.pdf>
Package pdftex.def Info: ARMS34_mat02_spec-eps-converted-to.pdf used on input l
ine 131.
(pdftex.def)             Requested size: 224.2479pt x 168.18797pt.

<mat01_error.pdf, id=7, 337.93452pt x 211.7762pt>
File: mat01_error.pdf Graphic file (type pdf)
 <use mat01_error.pdf>
Package pdftex.def Info: mat01_error.pdf used on input line 137.
(pdftex.def)             Requested size: 345.0pt x 216.21889pt.

<mat02_error.pdf, id=8, 335.66907pt x 213.72046pt>
File: mat02_error.pdf Graphic file (type pdf)
 <use mat02_error.pdf>
Package pdftex.def Info: mat02_error.pdf used on input line 144.
(pdftex.def)             Requested size: 345.0pt x 219.66818pt.

<mat03_error.pdf, id=9, 352.45375pt x 218.98412pt>
File: mat03_error.pdf Graphic file (type pdf)
 <use mat03_error.pdf>
Package pdftex.def Info: mat03_error.pdf used on input line 151.
(pdftex.def)             Requested size: 345.0pt x 214.35902pt.

<mat04_error.pdf, id=10, 352.45375pt x 213.99348pt>
File: mat04_error.pdf Graphic file (type pdf)
 <use mat04_error.pdf>
Package pdftex.def Info: mat04_error.pdf used on input line 158.
(pdftex.def)             Requested size: 345.0pt x 209.4738pt.

<mat05_error.pdf, id=11, 337.93152pt x 211.77419pt>
File: mat05_error.pdf Graphic file (type pdf)
 <use mat05_error.pdf>
Package pdftex.def Info: mat05_error.pdf used on input line 165.
(pdftex.def)             Requested size: 345.0pt x 216.21684pt.

[1

{/var/lib/texmf/fonts/map/pdftex/updmap/pdftex.map}] [2 <./mat01_spectrum-eps-c
onverted-to.pdf> <./ILUK0_mat01_spec-eps-converted-to.pdf> <./ILUK1_mat01_spec-
eps-converted-to.pdf> <./ARMS11_mat01_spec-eps-converted-to.pdf>] [3 <./mat02_s
pectrum-eps-converted-to.pdf> <./ARMS34_mat02_spec-eps-converted-to.pdf> <./mat
01_error.pdf>] [4 <./mat02_error.pdf> <./mat03_error.pdf>] [5 <./mat04_error.pd
f> <./mat05_error.pdf>] [6] (./verslag.aux) ) 
Here is how much of TeX's memory you used:
 2689 strings out of 493029
 43361 string characters out of 6136234
 115580 words of memory out of 5000000
 6215 multiletter control sequences out of 15000+600000
 7579 words of font info for 27 fonts, out of 8000000 for 9000
 1141 hyphenation exceptions out of 8191
 42i,8n,44p,382b,446s stack positions out of 5000i,500n,10000p,200000b,80000s
</usr/share/texlive/texmf-dist/fon
ts/type1/public/amsfonts/cm/cmbx12.pfb></usr/share/texlive/texmf-dist/fonts/typ
e1/public/amsfonts/cm/cmmi10.pfb></usr/share/texlive/texmf-dist/fonts/type1/pub
lic/amsfonts/cm/cmr10.pfb></usr/share/texlive/texmf-dist/fonts/type1/public/ams
fonts/cm/cmr12.pfb></usr/share/texlive/texmf-dist/fonts/type1/public/amsfonts/c
m/cmr17.pfb></usr/share/texlive/texmf-dist/fonts/type1/public/amsfonts/cm/cmr7.
pfb></usr/share/texlive/texmf-dist/fonts/type1/public/amsfonts/cm/cmr9.pfb></us
r/share/texlive/texmf-dist/fonts/type1/public/amsfonts/cm/cmsy10.pfb></usr/shar
e/texlive/texmf-dist/fonts/type1/public/amsfonts/cm/cmsy7.pfb>
Output written on verslag.pdf (6 pages, 419131 bytes).
PDF statistics:
 184 PDF objects out of 1000 (max. 8388607)
 146 compressed objects within 2 object streams
 0 named destinations out of 1000 (max. 500000)
 56 words of extra memory for PDF output out of 10000 (max. 10000000)

