          50           Infinity
          60           Infinity
          70     12.2500210
          80     16.0000267
          90     10.1249981
         100     8.33333683
         110     6.05000114
         120     5.99999952
         130     4.69444466
         140     4.45454264
         150     4.01785135
         160     3.55555129
         170     3.28408766
         180     2.99999738
         190     2.73484659
         200     2.56410074
         210     2.39673948
         220     2.20000029
         230     2.06640577
         240     1.91999960
         250     1.83823490
         260     1.74226773
         270     1.67201829
         280     1.59349668
         290     1.52355194
         300     1.45161390
         310     1.38872921
         320     1.32642519
         330     1.27219629
         340     1.21940947
         350     1.16889358
         360     1.12110794
         370     1.07288480
         380     1.03142941
         390    0.992820323
         400    0.954654396
         410    0.919584632
         420    0.885542512
         430    0.854436755
         440    0.824532092
         450    0.797244430
         460    0.768895686
         470    0.744272649
         480    0.720901489
         490    0.697154880
         500    0.674946189
         510    0.654175282
         520    0.634146750
         530    0.614392400
         540    0.596075475
         550    0.578615487
         560    0.561605036
         570    0.545500636
         580    0.530599654
         590    0.516469061
         600    0.502793670
         610    0.489863396
         620    0.477160126
         630    0.464971960
         640    0.453097522
         650    0.441945821
         660    0.431116581
         670    0.420791298
         680    0.410949290
         690    0.401298136
         700    0.392125636
         710    0.383287907
         720    0.374566555
         730    0.366204023
         740    0.358095765
         750    0.350162029
         760    0.342586070
         770    0.335199118
         780    0.328013718
         790    0.321171194
         800    0.314650953
         810    0.308086038
         820    0.301795334
         830    0.295766801
         840    0.289988488
         850    0.284225076
         860    0.278631747
         870    0.273328125
         880    0.268069863
         890    0.262946576
         900    0.257994741
         910    0.253148764
         920    0.248444393
         930    0.243908718
         940    0.239458010
         950    0.235197648
         960    0.231023863
         970    0.226876065
         980    0.222892836
         990    0.219007120
        1000    0.216394201
