          50         Infinity
          60         Infinity
          70         Infinity
          80         Infinity
          90     911.2515
         100     1250.002
         110     831.8748
         120     720.0003
         130     686.5623
         140     686.0001
         150     703.1249
         160     639.9999
         170     614.1249
         180     607.5001
         190     571.5833
         200     555.5554
         210     526.1931
         220     511.9231
         230     490.6049
         240     480.0000
         250     454.2151
         260     448.3673
         270     431.6447
         280     415.7576
         290     406.4834
         300     392.4419
         310     383.9046
         320     372.3636
         330     362.2682
         340     353.4532
         350     343.5497
         360     335.1724
         370     328.0635
         380     320.5140
         390     312.8640
         400     306.5134
         410     300.1786
         420     293.0696
         430     287.2363
         440     280.9499
         450     275.8021
         460     269.7783
         470     264.8546
         480     259.3621
         490     254.8722
         500     250.0000
         510     245.6500
         520     241.0974
         530     237.0653
         540     232.9349
         550     229.0405
         560     225.1487
         570     221.7349
         580     218.1485
         590     214.6520
         600     211.2676
         610     208.0104
         620     204.7491
         630     201.6508
         640     198.3535
         650     195.3792
         660     192.4853
         670     189.4928
         680     186.6287
         690     183.8944
         700     181.2130
         710     178.5270
         720     175.8613
         730     173.2970
         740     170.7213
         750     168.1045
         760     165.5764
         770     162.7685
         780     160.1053
         790     157.2993
         800     154.6641
         810     151.8750
         820     149.3737
         830     146.5820
         840     143.9720
         850     141.4513
         860     138.9254
         870     136.4830
         880     134.0425
         890     131.6813
         900     129.3103
         910     127.0520
         920     124.7418
         930     122.5108
         940     120.3048
         950     118.1869
         960     116.0584
         970     114.0955
         980     112.1535
         990     110.2613
        1000     108.4128
