	  50         Infinity
          60         Infinity
          70     857.5015
          80     1280.002
          90     1822.503
         100     2500.004
         110     1663.753
         120     1440.001
         130     1830.834
         140     1715.001
         150     1406.251
         160     1462.857
         170     1364.722
         180     1325.455
         190     1224.822
         200     1176.471
         210     1102.500
         220     1064.800
         230     1048.879
         240     1016.471
         250     976.5626
         260     955.2175
         270     911.2501
         280     899.6721
         290     871.0357
         300     843.7501
         310     827.5277
         320     803.1373
         330     788.0922
         340     767.6563
         350     749.5630
         360     733.5850
         370     715.4379
         380     699.8979
         390     686.5625
         400     672.2690
         410     657.6431
         420     643.1249
         430     631.0079
         440     617.2754
         450     604.2772
         460     590.6310
         470     579.3694
         480     570.0619
         490     559.1683
         500     549.2091
         510     540.1100
         520     530.9970
         530     522.0091
         540     513.2465
         550     504.7785
         560     496.6516
         570     488.8939
         580     481.0454
         590     473.6602
         600     466.3213
         610     458.7328
         620     451.7211
         630     444.9235
         640     438.0749
         650     431.5289
         660     424.7873
         670     418.1911
         680     411.7758
         690     405.3665
         700     399.0228
         710     392.4463
         720     386.0654
         730     379.4547
         740     372.7226
         750     365.9568
         760     359.3452
         770     352.6985
         780     346.0852
         790     339.2781
         800     332.6403
         810     326.1175
         820     319.7449
         830     313.2050
         840     306.9097
         850     300.7468
         860     294.8526
         870     288.9692
         880     283.3328
         890     277.6343
         900     272.1774
         910     266.9587
         920     261.9728
         930     257.1474
         940     252.6107
         950     248.2267
         960     244.0786
         970     240.1771
         980     236.4091
         990     232.8420
        1000     229.4841

