50         Infinity
          60         Infinity
          70         Infinity
          80     1280.002
          90     1822.503
         100     2500.004
         110     1663.753
         120     2160.004
         130     1830.834
         140     1715.001
         150     1687.500
         160     1462.857
         170     1535.313
         180     1325.455
         190     1319.039
         200     1250.000
         210     1218.553
         220     1157.391
         230     1086.339
         240     1047.273
         250     1027.961
         260     976.4443
         270     946.2981
         280     930.1695
         290     896.6545
         300     876.6234
         310     846.3352
         320     827.4749
         330     802.1651
         340     786.0800
         350     765.6250
         360     747.6923
         370     731.9799
         380     714.4792
         390     696.2324
         400     680.8511
         410     667.8392
         420     652.1831
         430     639.1238
         440     626.3530
         450     614.0498
         460     600.8395
         470     589.9034
         480     578.4100
         490     567.8041
         500     557.0410
         510     546.3386
         520     536.6718
         530     527.1849
         540     517.9737
         550     509.7274
         560     501.1872
         570     493.5848
         580     485.8367
         590     478.0704
         600     470.7934
         610     463.6050
         620     456.5671
         630     449.7249
         640     443.1102
         650     436.7446
         660     430.3832
         670     424.0877
         680     418.3502
         690     412.6997
         700     406.9768
         710     400.8860
         720     394.8879
         730     389.1727
         740     383.4444
         750     377.6182
         760     371.7615
         770     365.6945
         780     360.3828
         790     355.0108
         800     349.2497
         810     342.9537
         820     335.8723
         830     328.6888
         840     321.4230
         850     314.1626
         860     306.9768
         870     299.7556
         880     292.8795
         890     286.2005
         900     279.8250
         910     273.6676
         920     267.9587
         930     262.5186
         940     257.3380
         950     252.4959
         960     247.9641
         970     243.6914
         980     239.6354
         990     235.7613
        1000     232.1263
